[1214/130442.144:ERROR:directory_reader_win.cc(43)] FindFirstFile: Системе не удается найти указанный путь. (0x3)
[1214/152956.019:ERROR:directory_reader_win.cc(43)] FindFirstFile: Системе не удается найти указанный путь. (0x3)
[1214/214703.391:ERROR:directory_reader_win.cc(43)] FindFirstFile: Системе не удается найти указанный путь. (0x3)
[1214/231700.732:ERROR:file_io.cc(90)] ReadExactly: expected 36, observed 0
[1215/010420.075:ERROR:directory_reader_win.cc(43)] FindFirstFile: Системе не удается найти указанный путь. (0x3)
[1215/212206.995:ERROR:directory_reader_win.cc(43)] FindFirstFile: Системе не удается найти указанный путь. (0x3)
[1216/123230.610:ERROR:directory_reader_win.cc(43)] FindFirstFile: Системе не удается найти указанный путь. (0x3)
[1216/152232.201:ERROR:process_reader_win.cc(188)] ResumeThread: Параметр задан неверно. (0x57)
[1216/152232.202:ERROR:process_reader_win.cc(151)] SuspendThread: Отказано в доступе. (0x5)
[1216/152232.202:ERROR:process_reader_win.cc(151)] SuspendThread: Отказано в доступе. (0x5)
[1216/152232.202:ERROR:process_reader_win.cc(151)] SuspendThread: Отказано в доступе. (0x5)
[1216/152232.202:ERROR:process_reader_win.cc(151)] SuspendThread: Отказано в доступе. (0x5)
[1216/152232.202:ERROR:process_reader_win.cc(151)] SuspendThread: Отказано в доступе. (0x5)
[1216/152232.202:ERROR:process_reader_win.cc(151)] SuspendThread: Отказано в доступе. (0x5)
[1216/152232.202:ERROR:process_reader_win.cc(151)] SuspendThread: Отказано в доступе. (0x5)
[1216/152232.202:ERROR:process_reader_win.cc(151)] SuspendThread: Отказано в доступе. (0x5)
[1216/152232.202:ERROR:process_reader_win.cc(151)] SuspendThread: Отказано в доступе. (0x5)
[1216/152232.202:ERROR:process_reader_win.cc(151)] SuspendThread: Отказано в доступе. (0x5)
[1216/152232.202:ERROR:process_reader_win.cc(151)] SuspendThread: Отказано в доступе. (0x5)
[1216/152232.202:ERROR:process_reader_win.cc(151)] SuspendThread: Отказано в доступе. (0x5)
[1216/152232.202:ERROR:process_reader_win.cc(151)] SuspendThread: Отказано в доступе. (0x5)
[1216/152232.202:ERROR:process_reader_win.cc(151)] SuspendThread: Отказано в доступе. (0x5)
[1216/152232.202:ERROR:process_reader_win.cc(151)] SuspendThread: Отказано в доступе. (0x5)
[1216/152232.202:ERROR:process_reader_win.cc(151)] SuspendThread: Отказано в доступе. (0x5)
[1216/152232.202:ERROR:process_reader_win.cc(151)] SuspendThread: Отказано в доступе. (0x5)
[1216/152232.202:ERROR:process_reader_win.cc(151)] SuspendThread: Отказано в доступе. (0x5)
[1216/152232.202:ERROR:process_reader_win.cc(151)] SuspendThread: Отказано в доступе. (0x5)
[1216/152232.202:ERROR:process_reader_win.cc(151)] SuspendThread: Отказано в доступе. (0x5)
[1216/152232.202:ERROR:process_reader_win.cc(151)] SuspendThread: Отказано в доступе. (0x5)
[1216/152232.202:ERROR:process_reader_win.cc(151)] SuspendThread: Отказано в доступе. (0x5)
[1216/152232.202:ERROR:exception_snapshot_win.cc(99)] thread ID 8436 not found in process
[1216/173422.891:ERROR:directory_reader_win.cc(43)] FindFirstFile: Системе не удается найти указанный путь. (0x3)
[1217/145604.084:ERROR:directory_reader_win.cc(43)] FindFirstFile: Системе не удается найти указанный путь. (0x3)
[1218/114229.410:ERROR:directory_reader_win.cc(43)] FindFirstFile: Системе не удается найти указанный путь. (0x3)
[1218/120750.539:ERROR:directory_reader_win.cc(43)] FindFirstFile: Системе не удается найти указанный путь. (0x3)
[1218/171034.369:ERROR:file_io.cc(90)] ReadExactly: expected 36, observed 0
[1229/203946.582:ERROR:directory_reader_win.cc(43)] FindFirstFile: Системе не удается найти указанный путь. (0x3)
[1229/230531.714:ERROR:directory_reader_win.cc(43)] FindFirstFile: Системе не удается найти указанный путь. (0x3)
[1229/231856.003:ERROR:directory_reader_win.cc(43)] FindFirstFile: Системе не удается найти указанный путь. (0x3)
[1230/232902.695:ERROR:directory_reader_win.cc(43)] FindFirstFile: Системе не удается найти указанный путь. (0x3)
[1230/233956.740:ERROR:directory_reader_win.cc(43)] FindFirstFile: Системе не удается найти указанный путь. (0x3)
[0101/155310.381:ERROR:directory_reader_win.cc(43)] FindFirstFile: Системе не удается найти указанный путь. (0x3)
[0101/204356.844:ERROR:directory_reader_win.cc(43)] FindFirstFile: Системе не удается найти указанный путь. (0x3)
[0102/130347.740:ERROR:directory_reader_win.cc(43)] FindFirstFile: Системе не удается найти указанный путь. (0x3)
[0102/132602.351:ERROR:directory_reader_win.cc(43)] FindFirstFile: Системе не удается найти указанный путь. (0x3)
[0102/133842.051:ERROR:directory_reader_win.cc(43)] FindFirstFile: Системе не удается найти указанный путь. (0x3)
[0102/234322.669:ERROR:directory_reader_win.cc(43)] FindFirstFile: Системе не удается найти указанный путь. (0x3)
[0103/224748.026:ERROR:directory_reader_win.cc(43)] FindFirstFile: Системе не удается найти указанный путь. (0x3)
[0104/000645.073:ERROR:directory_reader_win.cc(43)] FindFirstFile: Системе не удается найти указанный путь. (0x3)
[0104/004502.930:ERROR:directory_reader_win.cc(43)] FindFirstFile: Системе не удается найти указанный путь. (0x3)
[0104/122727.595:ERROR:directory_reader_win.cc(43)] FindFirstFile: Системе не удается найти указанный путь. (0x3)
[0109/011901.528:ERROR:directory_reader_win.cc(43)] FindFirstFile: Системе не удается найти указанный путь. (0x3)
[0109/145500.917:ERROR:directory_reader_win.cc(43)] FindFirstFile: Системе не удается найти указанный путь. (0x3)
[0109/160823.881:ERROR:directory_reader_win.cc(43)] FindFirstFile: The system cannot find the path specified. (0x3)
[0111/134908.274:ERROR:directory_reader_win.cc(43)] FindFirstFile: The system cannot find the path specified. (0x3)
[0112/094345.904:ERROR:directory_reader_win.cc(43)] FindFirstFile: The system cannot find the path specified. (0x3)
[0112/172705.765:ERROR:directory_reader_win.cc(43)] FindFirstFile: The system cannot find the path specified. (0x3)
[0114/031237.959:ERROR:directory_reader_win.cc(43)] FindFirstFile: The system cannot find the path specified. (0x3)
[0114/135326.947:ERROR:directory_reader_win.cc(43)] FindFirstFile: The system cannot find the path specified. (0x3)
[0114/215722.238:ERROR:directory_reader_win.cc(43)] FindFirstFile: The system cannot find the path specified. (0x3)
[0115/175347.611:ERROR:directory_reader_win.cc(43)] FindFirstFile: The system cannot find the path specified. (0x3)
[0116/103345.719:ERROR:directory_reader_win.cc(43)] FindFirstFile: The system cannot find the path specified. (0x3)
[0116/223952.653:ERROR:directory_reader_win.cc(43)] FindFirstFile: The system cannot find the path specified. (0x3)
[0117/152209.727:ERROR:directory_reader_win.cc(43)] FindFirstFile: The system cannot find the path specified. (0x3)
[0117/210256.919:ERROR:directory_reader_win.cc(43)] FindFirstFile: The system cannot find the path specified. (0x3)
[0118/155646.118:ERROR:directory_reader_win.cc(43)] FindFirstFile: The system cannot find the path specified. (0x3)
[0118/222137.964:ERROR:directory_reader_win.cc(43)] FindFirstFile: The system cannot find the path specified. (0x3)
[0119/022907.598:ERROR:directory_reader_win.cc(43)] FindFirstFile: The system cannot find the path specified. (0x3)
[0119/111817.799:ERROR:directory_reader_win.cc(43)] FindFirstFile: The system cannot find the path specified. (0x3)
[0120/020522.102:ERROR:directory_reader_win.cc(43)] FindFirstFile: The system cannot find the path specified. (0x3)
[0120/120959.638:ERROR:directory_reader_win.cc(43)] FindFirstFile: The system cannot find the path specified. (0x3)
[0121/134910.753:ERROR:directory_reader_win.cc(43)] FindFirstFile: The system cannot find the path specified. (0x3)
[0121/192807.864:ERROR:directory_reader_win.cc(43)] FindFirstFile: The system cannot find the path specified. (0x3)
[0121/223413.644:ERROR:directory_reader_win.cc(43)] FindFirstFile: The system cannot find the path specified. (0x3)
[0124/182614.491:ERROR:directory_reader_win.cc(43)] FindFirstFile: The system cannot find the path specified. (0x3)
[0124/233449.799:ERROR:directory_reader_win.cc(43)] FindFirstFile: The system cannot find the path specified. (0x3)
[0126/115438.818:ERROR:directory_reader_win.cc(43)] FindFirstFile: The system cannot find the path specified. (0x3)
[0127/113256.732:ERROR:directory_reader_win.cc(43)] FindFirstFile: The system cannot find the path specified. (0x3)
